<?xml version="1.0" encoding="UTF-8"?>
<!-- Generated by org.testng.reporters.JUnitReportReporter -->
<testsuite hostname="LAPTOP-PQ7IP8FG" failures="0" tests="2" name="saloni.projectfarmework.ErrorValidations" time="14.371" errors="0" timestamp="2024-08-01T15:55:53 IST" skipped="0">
  <testcase classname="saloni.projectfarmework.ErrorValidations" name="errorlogin" time="9.868"/>
  <testcase classname="saloni.projectfarmework.ErrorValidations" name="errorproduct" time="4.503"/>
</testsuite> <!-- saloni.projectfarmework.ErrorValidations -->
