<?xml version="1.0" encoding="UTF-8"?>
<!-- Generated by org.testng.reporters.JUnitReportReporter -->
<testsuite hostname="LAPTOP-PQ7IP8FG" failures="0" tests="4" name="saloni.projectfarmework.submitordertest" time="23.008" errors="0" timestamp="2024-08-03T03:05:45 IST" skipped="0">
  <testcase classname="saloni.projectfarmework.submitordertest" name="submitOrder" time="6.501"/>
  <testcase classname="saloni.projectfarmework.submitordertest" name="submitOrder" time="6.336"/>
  <testcase classname="saloni.projectfarmework.submitordertest" name="orderhistorytest" time="4.706"/>
  <testcase classname="saloni.projectfarmework.submitordertest" name="orderhistorytest" time="5.465"/>
</testsuite> <!-- saloni.projectfarmework.submitordertest -->
