<?xml version="1.0" encoding="UTF-8"?>
<!-- Generated by org.testng.reporters.JUnitReportReporter -->
<testsuite hostname="LAPTOP-PQ7IP8FG" failures="0" tests="2" name="saloni.projectfarmework.ErrorValidations" time="15.008" errors="0" timestamp="2024-08-02T17:45:54 IST" skipped="0">
  <testcase classname="saloni.projectfarmework.ErrorValidations" name="errorlogin" time="8.258"/>
  <testcase classname="saloni.projectfarmework.ErrorValidations" name="errorproduct" time="6.750"/>
</testsuite> <!-- saloni.projectfarmework.ErrorValidations -->
