<?xml version="1.0" encoding="UTF-8"?>
<!-- Generated by org.testng.reporters.JUnitReportReporter -->
<testsuite hostname="LAPTOP-PQ7IP8FG" failures="0" tests="4" name="saloni.projectfarmework.submitordertest" time="33.566" errors="0" timestamp="2024-08-02T17:45:54 IST" skipped="0">
  <testcase classname="saloni.projectfarmework.submitordertest" name="orderhistorytest" time="7.999"/>
  <testcase classname="saloni.projectfarmework.submitordertest" name="submitOrder" time="7.339"/>
  <testcase classname="saloni.projectfarmework.submitordertest" name="orderhistorytest" time="5.358"/>
  <testcase classname="saloni.projectfarmework.submitordertest" name="submitOrder" time="12.870"/>
</testsuite> <!-- saloni.projectfarmework.submitordertest -->
